E:\CODE\SIMBIOTIC\DEBUG\SMATERIAL.OBJ
E:\CODE\SIMBIOTIC\DEBUG\SMATERIALSET.OBJ
E:\CODE\SIMBIOTIC\DEBUG\SMESH.OBJ
E:\CODE\SIMBIOTIC\DEBUG\SMUTABLEMESH.OBJ
E:\CODE\SIMBIOTIC\DEBUG\SPARTICLESYSTEM.OBJ
E:\CODE\SIMBIOTIC\DEBUG\SPHYSICS.OBJ
E:\CODE\SIMBIOTIC\DEBUG\SPREMENU.OBJ
E:\CODE\SIMBIOTIC\DEBUG\SRANIMATEDMESHALLOCATER.OBJ
E:\CODE\SIMBIOTIC\DEBUG\SRENDER.OBJ
E:\CODE\SIMBIOTIC\DEBUG\SSETPOINT.OBJ
E:\CODE\SIMBIOTIC\DEBUG\SSGAME.OBJ
E:\CODE\SIMBIOTIC\DEBUG\SSINGLEMATCHMENU.OBJ
E:\CODE\SIMBIOTIC\DEBUG\STEXT.OBJ
E:\CODE\SIMBIOTIC\DEBUG\SWIN32.OBJ
E:\CODE\SIMBIOTIC\DEBUG\SYMBIOTEWINSOCK.OBJ
E:\CODE\SIMBIOTIC\DEBUG\TEXTFIELD.OBJ
E:\CODE\SIMBIOTIC\DEBUG\VOXELDATA.OBJ
E:\CODE\SIMBIOTIC\DEBUG\WEAPON.OBJ
E:\CODE\SIMBIOTIC\DEBUG\WEAPONBASE.OBJ
E:\CODE\SIMBIOTIC\DEBUG\WORLD.OBJ
E:\CODE\SIMBIOTIC\DEBUG\SGAMESERVERMODECTF.OBJ
E:\CODE\SIMBIOTIC\DEBUG\SGAMESERVERMODEDM.OBJ
E:\CODE\SIMBIOTIC\DEBUG\SGAMESERVERMODESC.OBJ
E:\CODE\SIMBIOTIC\DEBUG\SGAMESERVERMODETDM.OBJ
E:\CODE\SIMBIOTIC\DEBUG\SGAMESERVERPLAYER.OBJ
E:\CODE\SIMBIOTIC\DEBUG\SGAMESERVERWORLD.OBJ
E:\CODE\SIMBIOTIC\DEBUG\SGRIDMESH.OBJ
E:\CODE\SIMBIOTIC\DEBUG\SGUI.OBJ
E:\CODE\SIMBIOTIC\DEBUG\SIMPLE.OBJ
E:\CODE\SIMBIOTIC\DEBUG\SIMPLEBUTTON.OBJ
E:\CODE\SIMBIOTIC\DEBUG\SINPUT.OBJ
E:\CODE\SIMBIOTIC\DEBUG\SINTERFACE.OBJ
E:\CODE\SIMBIOTIC\DEBUG\SLEADERBOARD.OBJ
E:\CODE\SIMBIOTIC\DEBUG\SLEVELEDITOR.OBJ
E:\CODE\SIMBIOTIC\DEBUG\SLIDER.OBJ
E:\CODE\SIMBIOTIC\DEBUG\SLIGHT.OBJ
E:\CODE\SIMBIOTIC\DEBUG\SLINEBOXMESH.OBJ
E:\CODE\SIMBIOTIC\DEBUG\SLOG.OBJ
E:\CODE\SIMBIOTIC\DEBUG\SMAINMENU.OBJ
E:\CODE\SIMBIOTIC\DEBUG\SMAINMENUMODCHARACTER.OBJ
E:\CODE\SIMBIOTIC\DEBUG\PSHUD.OBJ
E:\CODE\SIMBIOTIC\DEBUG\PSINPUT.OBJ
E:\CODE\SIMBIOTIC\DEBUG\PSLOGIC.OBJ
E:\CODE\SIMBIOTIC\DEBUG\PSMATH.OBJ
E:\CODE\SIMBIOTIC\DEBUG\PSMECHANICS.OBJ
E:\CODE\SIMBIOTIC\DEBUG\PSPHYSICS.OBJ
E:\CODE\SIMBIOTIC\DEBUG\S2D.OBJ
E:\CODE\SIMBIOTIC\DEBUG\S3D.OBJ
E:\CODE\SIMBIOTIC\DEBUG\SANIMATEDMESH.OBJ
E:\CODE\SIMBIOTIC\DEBUG\SAUDIO.OBJ
E:\CODE\SIMBIOTIC\DEBUG\SCAMERA.OBJ
E:\CODE\SIMBIOTIC\DEBUG\SCONFIGS.OBJ
E:\CODE\SIMBIOTIC\DEBUG\SCORE.OBJ
E:\CODE\SIMBIOTIC\DEBUG\SD3D.OBJ
E:\CODE\SIMBIOTIC\DEBUG\SDEFERREDRENDERER.OBJ
E:\CODE\SIMBIOTIC\DEBUG\SEDITORGRID.OBJ
E:\CODE\SIMBIOTIC\DEBUG\SFONT.OBJ
E:\CODE\SIMBIOTIC\DEBUG\SFUNCS.OBJ
E:\CODE\SIMBIOTIC\DEBUG\SGAMESERVER.OBJ
E:\CODE\SIMBIOTIC\DEBUG\SGAMESERVERMODE.OBJ
E:\CODE\SIMBIOTIC\DEBUG\ACTOR.OBJ
E:\CODE\SIMBIOTIC\DEBUG\CHECKBOX.OBJ
E:\CODE\SIMBIOTIC\DEBUG\COMPONENT.OBJ
E:\CODE\SIMBIOTIC\DEBUG\FRAME.OBJ
E:\CODE\SIMBIOTIC\DEBUG\GAME.OBJ
E:\CODE\SIMBIOTIC\DEBUG\GAMEDATA.OBJ
E:\CODE\SIMBIOTIC\DEBUG\GAMEINITINFO.OBJ
E:\CODE\SIMBIOTIC\DEBUG\GAMEMODE.OBJ
E:\CODE\SIMBIOTIC\DEBUG\GMDEATHMATCH.OBJ
E:\CODE\SIMBIOTIC\DEBUG\GMSECTORCONTROL.OBJ
E:\CODE\SIMBIOTIC\DEBUG\LABEL.OBJ
E:\CODE\SIMBIOTIC\DEBUG\PSBASECLIENT.OBJ
E:\CODE\SIMBIOTIC\DEBUG\PSEBASE.OBJ
E:\CODE\SIMBIOTIC\DEBUG\PSEBLOCKEDITING.OBJ
E:\CODE\SIMBIOTIC\DEBUG\PSEGENERAL.OBJ
E:\CODE\SIMBIOTIC\DEBUG\PSEINPUT.OBJ
E:\CODE\SIMBIOTIC\DEBUG\PSELA.OBJ
E:\CODE\SIMBIOTIC\DEBUG\PSELOAD.OBJ
E:\CODE\SIMBIOTIC\DEBUG\PSGAMECLIENT.OBJ
E:\CODE\SIMBIOTIC\DEBUG\VC110.PDB
E:\CODE\SIMBIOTIC\DEBUG\GAMECONFIGINTERFACE.OBJ
E:\Code\SimBiotic\Debug\Actor.obj
E:\Code\SimBiotic\Debug\Checkbox.obj
E:\Code\SimBiotic\Debug\Component.obj
E:\Code\SimBiotic\Debug\Frame.obj
E:\Code\SimBiotic\Debug\Game.obj
E:\Code\SimBiotic\Debug\GameConfigInterface.obj
E:\Code\SimBiotic\Debug\GameData.obj
E:\Code\SimBiotic\Debug\GameInitInfo.obj
E:\Code\SimBiotic\Debug\GameMode.obj
E:\Code\SimBiotic\Debug\GMDeathmatch.obj
E:\Code\SimBiotic\Debug\GMSectorControl.obj
E:\Code\SimBiotic\Debug\Label.obj
E:\Code\SimBiotic\Debug\psBaseClient.obj
E:\Code\SimBiotic\Debug\pseBase.obj
E:\Code\SimBiotic\Debug\pseBlockEditing.obj
E:\Code\SimBiotic\Debug\pseGeneral.obj
E:\Code\SimBiotic\Debug\pseInput.obj
E:\Code\SimBiotic\Debug\pseLA.obj
E:\Code\SimBiotic\Debug\pseLoad.obj
E:\Code\SimBiotic\Debug\psGameClient.obj
E:\Code\SimBiotic\Debug\psHUD.obj
E:\Code\SimBiotic\Debug\psInput.obj
E:\Code\SimBiotic\Debug\psLogic.obj
E:\Code\SimBiotic\Debug\psMath.obj
E:\Code\SimBiotic\Debug\psMechanics.obj
E:\Code\SimBiotic\Debug\psPhysics.obj
E:\Code\SimBiotic\Debug\S2D.obj
E:\Code\SimBiotic\Debug\S3D.obj
E:\Code\SimBiotic\Debug\SAnimatedMesh.obj
E:\Code\SimBiotic\Debug\SAUDIO.obj
E:\Code\SimBiotic\Debug\SCamera.obj
E:\Code\SimBiotic\Debug\SConfigs.obj
E:\Code\SimBiotic\Debug\SCore.obj
E:\Code\SimBiotic\Debug\SD3D.obj
E:\Code\SimBiotic\Debug\SDeferredRenderer.obj
E:\Code\SimBiotic\Debug\SEditorGrid.obj
E:\Code\SimBiotic\Debug\SFont.obj
E:\Code\SimBiotic\Debug\SFuncs.obj
E:\Code\SimBiotic\Debug\SGameServer.obj
E:\Code\SimBiotic\Debug\SGameServerMode.obj
E:\Code\SimBiotic\Debug\SGameServerModeCTF.obj
E:\Code\SimBiotic\Debug\SGameServerModeDM.obj
E:\Code\SimBiotic\Debug\SGameServerModeSC.obj
E:\Code\SimBiotic\Debug\SGameServerModeTDM.obj
E:\Code\SimBiotic\Debug\SGameServerPlayer.obj
E:\Code\SimBiotic\Debug\SGameServerWorld.obj
E:\Code\SimBiotic\Debug\SGridMesh.obj
E:\Code\SimBiotic\Debug\SGUI.obj
E:\Code\SimBiotic\Debug\Simple.obj
E:\Code\SimBiotic\Debug\SimpleButton.obj
E:\Code\SimBiotic\Debug\SInput.obj
E:\Code\SimBiotic\Debug\SInterface.obj
E:\Code\SimBiotic\Debug\SLeaderboard.obj
E:\Code\SimBiotic\Debug\SLevelEditor.obj
E:\Code\SimBiotic\Debug\Slider.obj
E:\Code\SimBiotic\Debug\SLight.obj
E:\Code\SimBiotic\Debug\SLineBoxMesh.obj
E:\Code\SimBiotic\Debug\SLOG.obj
E:\Code\SimBiotic\Debug\SMainMenu.obj
E:\Code\SimBiotic\Debug\SMainMenuModCharacter.obj
E:\Code\SimBiotic\Debug\SMaterial.obj
E:\Code\SimBiotic\Debug\SMaterialSet.obj
E:\Code\SimBiotic\Debug\SMesh.obj
E:\Code\SimBiotic\Debug\SMutableMesh.obj
E:\Code\SimBiotic\Debug\SParticleSystem.obj
E:\Code\SimBiotic\Debug\SPhysics.obj
E:\Code\SimBiotic\Debug\SPreMenu.obj
E:\Code\SimBiotic\Debug\srAnimatedMeshAllocater.obj
E:\Code\SimBiotic\Debug\SRender.obj
E:\Code\SimBiotic\Debug\SSetPoint.obj
E:\Code\SimBiotic\Debug\SSGame.obj
E:\Code\SimBiotic\Debug\SSingleMatchMenu.obj
E:\Code\SimBiotic\Debug\SText.obj
E:\Code\SimBiotic\Debug\SWin32.obj
E:\Code\SimBiotic\Debug\SymbioteWinsock.obj
E:\Code\SimBiotic\Debug\TextField.obj
E:\Code\SimBiotic\Debug\VoxelData.obj
E:\Code\SimBiotic\Debug\Weapon.obj
E:\Code\SimBiotic\Debug\WeaponBase.obj
E:\Code\SimBiotic\Debug\World.obj
E:\Code\SimBiotic\Debug\DeferredRendering.ilk
E:\Code\SimBiotic\Debug\cl.command.1.tlog
E:\Code\SimBiotic\Debug\CL.read.1.tlog
E:\Code\SimBiotic\Debug\CL.write.1.tlog
E:\Code\SimBiotic\Debug\link-cvtres.read.1.tlog
E:\Code\SimBiotic\Debug\link-cvtres.write.1.tlog
E:\Code\SimBiotic\Debug\link-rc.read.1.tlog
E:\Code\SimBiotic\Debug\link-rc.write.1.tlog
E:\Code\SimBiotic\Debug\link.11428-cvtres.read.1.tlog
E:\Code\SimBiotic\Debug\link.11428-cvtres.write.1.tlog
E:\Code\SimBiotic\Debug\link.11428-rc.read.1.tlog
E:\Code\SimBiotic\Debug\link.11428-rc.write.1.tlog
E:\Code\SimBiotic\Debug\link.11428.read.1.tlog
E:\Code\SimBiotic\Debug\link.11428.write.1.tlog
E:\Code\SimBiotic\Debug\link.11552-cvtres.read.1.tlog
E:\Code\SimBiotic\Debug\link.11552-cvtres.write.1.tlog
E:\Code\SimBiotic\Debug\link.11552-rc.read.1.tlog
E:\Code\SimBiotic\Debug\link.11552-rc.write.1.tlog
E:\Code\SimBiotic\Debug\link.11552.read.1.tlog
E:\Code\SimBiotic\Debug\link.11552.write.1.tlog
E:\Code\SimBiotic\Debug\link.12328-cvtres.read.1.tlog
E:\Code\SimBiotic\Debug\link.12328-cvtres.write.1.tlog
E:\Code\SimBiotic\Debug\link.12328-rc.read.1.tlog
E:\Code\SimBiotic\Debug\link.12328-rc.write.1.tlog
E:\Code\SimBiotic\Debug\link.12328.read.1.tlog
E:\Code\SimBiotic\Debug\link.12328.write.1.tlog
E:\Code\SimBiotic\Debug\link.2872-cvtres.read.1.tlog
E:\Code\SimBiotic\Debug\link.2872-cvtres.write.1.tlog
E:\Code\SimBiotic\Debug\link.2872-rc.read.1.tlog
E:\Code\SimBiotic\Debug\link.2872-rc.write.1.tlog
E:\Code\SimBiotic\Debug\link.2872.read.1.tlog
E:\Code\SimBiotic\Debug\link.2872.write.1.tlog
E:\Code\SimBiotic\Debug\link.3820-cvtres.read.1.tlog
E:\Code\SimBiotic\Debug\link.3820-cvtres.write.1.tlog
E:\Code\SimBiotic\Debug\link.3820-rc.read.1.tlog
E:\Code\SimBiotic\Debug\link.3820-rc.write.1.tlog
E:\Code\SimBiotic\Debug\link.3820.read.1.tlog
E:\Code\SimBiotic\Debug\link.3820.write.1.tlog
E:\Code\SimBiotic\Debug\link.392-cvtres.read.1.tlog
E:\Code\SimBiotic\Debug\link.392-cvtres.write.1.tlog
E:\Code\SimBiotic\Debug\link.392-rc.read.1.tlog
E:\Code\SimBiotic\Debug\link.392-rc.write.1.tlog
E:\Code\SimBiotic\Debug\link.392.read.1.tlog
E:\Code\SimBiotic\Debug\link.392.write.1.tlog
E:\Code\SimBiotic\Debug\link.4072-cvtres.read.1.tlog
E:\Code\SimBiotic\Debug\link.4072-cvtres.write.1.tlog
E:\Code\SimBiotic\Debug\link.4072-rc.read.1.tlog
E:\Code\SimBiotic\Debug\link.4072-rc.write.1.tlog
E:\Code\SimBiotic\Debug\link.4072.read.1.tlog
E:\Code\SimBiotic\Debug\link.4072.write.1.tlog
E:\Code\SimBiotic\Debug\link.4728-cvtres.read.1.tlog
E:\Code\SimBiotic\Debug\link.4728-cvtres.write.1.tlog
E:\Code\SimBiotic\Debug\link.4728-rc.read.1.tlog
E:\Code\SimBiotic\Debug\link.4728-rc.write.1.tlog
E:\Code\SimBiotic\Debug\link.4728.read.1.tlog
E:\Code\SimBiotic\Debug\link.4728.write.1.tlog
E:\Code\SimBiotic\Debug\link.5476-cvtres.read.1.tlog
E:\Code\SimBiotic\Debug\link.5476-cvtres.write.1.tlog
E:\Code\SimBiotic\Debug\link.5476-rc.read.1.tlog
E:\Code\SimBiotic\Debug\link.5476-rc.write.1.tlog
E:\Code\SimBiotic\Debug\link.5476.read.1.tlog
E:\Code\SimBiotic\Debug\link.5476.write.1.tlog
E:\Code\SimBiotic\Debug\link.5540-cvtres.read.1.tlog
E:\Code\SimBiotic\Debug\link.5540-cvtres.write.1.tlog
E:\Code\SimBiotic\Debug\link.5540-rc.read.1.tlog
E:\Code\SimBiotic\Debug\link.5540-rc.write.1.tlog
E:\Code\SimBiotic\Debug\link.5540.read.1.tlog
E:\Code\SimBiotic\Debug\link.5540.write.1.tlog
E:\Code\SimBiotic\Debug\link.5948-cvtres.read.1.tlog
E:\Code\SimBiotic\Debug\link.5948-cvtres.write.1.tlog
E:\Code\SimBiotic\Debug\link.5948-rc.read.1.tlog
E:\Code\SimBiotic\Debug\link.5948-rc.write.1.tlog
E:\Code\SimBiotic\Debug\link.5948.read.1.tlog
E:\Code\SimBiotic\Debug\link.5948.write.1.tlog
E:\Code\SimBiotic\Debug\link.6124-cvtres.read.1.tlog
E:\Code\SimBiotic\Debug\link.6124-cvtres.write.1.tlog
E:\Code\SimBiotic\Debug\link.6124-rc.read.1.tlog
E:\Code\SimBiotic\Debug\link.6124-rc.write.1.tlog
E:\Code\SimBiotic\Debug\link.6124.read.1.tlog
E:\Code\SimBiotic\Debug\link.6124.write.1.tlog
E:\Code\SimBiotic\Debug\link.6376-cvtres.read.1.tlog
E:\Code\SimBiotic\Debug\link.6376-cvtres.write.1.tlog
E:\Code\SimBiotic\Debug\link.6376-rc.read.1.tlog
E:\Code\SimBiotic\Debug\link.6376-rc.write.1.tlog
E:\Code\SimBiotic\Debug\link.6376.read.1.tlog
E:\Code\SimBiotic\Debug\link.6376.write.1.tlog
E:\Code\SimBiotic\Debug\link.6476-cvtres.read.1.tlog
E:\Code\SimBiotic\Debug\link.6476-cvtres.write.1.tlog
E:\Code\SimBiotic\Debug\link.6476-rc.read.1.tlog
E:\Code\SimBiotic\Debug\link.6476-rc.write.1.tlog
E:\Code\SimBiotic\Debug\link.6476.read.1.tlog
E:\Code\SimBiotic\Debug\link.6476.write.1.tlog
E:\Code\SimBiotic\Debug\link.6516-cvtres.read.1.tlog
E:\Code\SimBiotic\Debug\link.6516-cvtres.write.1.tlog
E:\Code\SimBiotic\Debug\link.6516-rc.read.1.tlog
E:\Code\SimBiotic\Debug\link.6516-rc.write.1.tlog
E:\Code\SimBiotic\Debug\link.6516.read.1.tlog
E:\Code\SimBiotic\Debug\link.6516.write.1.tlog
E:\Code\SimBiotic\Debug\link.7372-cvtres.read.1.tlog
E:\Code\SimBiotic\Debug\link.7372-cvtres.write.1.tlog
E:\Code\SimBiotic\Debug\link.7372-rc.read.1.tlog
E:\Code\SimBiotic\Debug\link.7372-rc.write.1.tlog
E:\Code\SimBiotic\Debug\link.7372.read.1.tlog
E:\Code\SimBiotic\Debug\link.7372.write.1.tlog
E:\Code\SimBiotic\Debug\link.7496-cvtres.read.1.tlog
E:\Code\SimBiotic\Debug\link.7496-cvtres.write.1.tlog
E:\Code\SimBiotic\Debug\link.7496-rc.read.1.tlog
E:\Code\SimBiotic\Debug\link.7496-rc.write.1.tlog
E:\Code\SimBiotic\Debug\link.7496.read.1.tlog
E:\Code\SimBiotic\Debug\link.7496.write.1.tlog
E:\Code\SimBiotic\Debug\link.7624-cvtres.read.1.tlog
E:\Code\SimBiotic\Debug\link.7624-cvtres.write.1.tlog
E:\Code\SimBiotic\Debug\link.7624-rc.read.1.tlog
E:\Code\SimBiotic\Debug\link.7624-rc.write.1.tlog
E:\Code\SimBiotic\Debug\link.7624.read.1.tlog
E:\Code\SimBiotic\Debug\link.7624.write.1.tlog
E:\Code\SimBiotic\Debug\link.7956-cvtres.read.1.tlog
E:\Code\SimBiotic\Debug\link.7956-cvtres.write.1.tlog
E:\Code\SimBiotic\Debug\link.7956-rc.read.1.tlog
E:\Code\SimBiotic\Debug\link.7956-rc.write.1.tlog
E:\Code\SimBiotic\Debug\link.7956.read.1.tlog
E:\Code\SimBiotic\Debug\link.7956.write.1.tlog
E:\Code\SimBiotic\Debug\link.7988-cvtres.read.1.tlog
E:\Code\SimBiotic\Debug\link.7988-cvtres.write.1.tlog
E:\Code\SimBiotic\Debug\link.7988-rc.read.1.tlog
E:\Code\SimBiotic\Debug\link.7988-rc.write.1.tlog
E:\Code\SimBiotic\Debug\link.7988.read.1.tlog
E:\Code\SimBiotic\Debug\link.7988.write.1.tlog
E:\Code\SimBiotic\Debug\link.8004-cvtres.read.1.tlog
E:\Code\SimBiotic\Debug\link.8004-cvtres.write.1.tlog
E:\Code\SimBiotic\Debug\link.8004-rc.read.1.tlog
E:\Code\SimBiotic\Debug\link.8004-rc.write.1.tlog
E:\Code\SimBiotic\Debug\link.8004.read.1.tlog
E:\Code\SimBiotic\Debug\link.8004.write.1.tlog
E:\Code\SimBiotic\Debug\link.8092-cvtres.read.1.tlog
E:\Code\SimBiotic\Debug\link.8092-cvtres.write.1.tlog
E:\Code\SimBiotic\Debug\link.8092-rc.read.1.tlog
E:\Code\SimBiotic\Debug\link.8092-rc.write.1.tlog
E:\Code\SimBiotic\Debug\link.8092.read.1.tlog
E:\Code\SimBiotic\Debug\link.8092.write.1.tlog
E:\Code\SimBiotic\Debug\link.8244-cvtres.read.1.tlog
E:\Code\SimBiotic\Debug\link.8244-cvtres.write.1.tlog
E:\Code\SimBiotic\Debug\link.8244-rc.read.1.tlog
E:\Code\SimBiotic\Debug\link.8244-rc.write.1.tlog
E:\Code\SimBiotic\Debug\link.8244.read.1.tlog
E:\Code\SimBiotic\Debug\link.8244.write.1.tlog
E:\Code\SimBiotic\Debug\link.8868-cvtres.read.1.tlog
E:\Code\SimBiotic\Debug\link.8868-cvtres.write.1.tlog
E:\Code\SimBiotic\Debug\link.8868-rc.read.1.tlog
E:\Code\SimBiotic\Debug\link.8868-rc.write.1.tlog
E:\Code\SimBiotic\Debug\link.8868.read.1.tlog
E:\Code\SimBiotic\Debug\link.8868.write.1.tlog
E:\Code\SimBiotic\Debug\link.8984-cvtres.read.1.tlog
E:\Code\SimBiotic\Debug\link.8984-cvtres.write.1.tlog
E:\Code\SimBiotic\Debug\link.8984-rc.read.1.tlog
E:\Code\SimBiotic\Debug\link.8984-rc.write.1.tlog
E:\Code\SimBiotic\Debug\link.8984.read.1.tlog
E:\Code\SimBiotic\Debug\link.8984.write.1.tlog
E:\Code\SimBiotic\Debug\link.9176-cvtres.read.1.tlog
E:\Code\SimBiotic\Debug\link.9176-cvtres.write.1.tlog
E:\Code\SimBiotic\Debug\link.9176-rc.read.1.tlog
E:\Code\SimBiotic\Debug\link.9176-rc.write.1.tlog
E:\Code\SimBiotic\Debug\link.9176.read.1.tlog
E:\Code\SimBiotic\Debug\link.9176.write.1.tlog
E:\Code\SimBiotic\Debug\link.996-cvtres.read.1.tlog
E:\Code\SimBiotic\Debug\link.996-cvtres.write.1.tlog
E:\Code\SimBiotic\Debug\link.996-rc.read.1.tlog
E:\Code\SimBiotic\Debug\link.996-rc.write.1.tlog
E:\Code\SimBiotic\Debug\link.996.read.1.tlog
E:\Code\SimBiotic\Debug\link.996.write.1.tlog
E:\Code\SimBiotic\Debug\link.command.1.tlog
E:\Code\SimBiotic\Debug\link.read.1.tlog
E:\Code\SimBiotic\Debug\link.write.1.tlog
E:\Code\SimBiotic\Debug\vc110.idb
E:\Code\SimBiotic\Debug\DeferredRendering.pdb
E:\Code\SimBiotic\Debug\vc110.pdb
