Build started 9/28/2014 6:43:51 PM.
     1>Project "E:\Code\Simbiotic adAPT\ProjectSymbiote1.0g.vcxproj" on node 2 (Build target(s)).
     1>ClCompile:
         C:\Program Files (x86)\Microsoft Visual Studio 11.0\VC\bin\CL.exe /c /I"C:\Program Files (x86)\Microsoft DirectX SDK (June 2010)\Include" /I"C:\Program Files (x86)\FMOD SoundSystem\FMOD Programmers API Windows\api\inc" /I"C:\Program Files\Autodesk\FBX\FBX SDK\2014.2.1\include" /Zi /nologo /W3 /WX- /Od /Oy- /D WIN32 /D _DEBUG /D _WINDOWS /D _UNICODE /D UNICODE /Gm /EHsc /RTC1 /MTd /GS /fp:precise /Zc:wchar_t /Zc:forScope /Fo"Debug\\" /Fd"Debug\vc110.pdb" /Gd /TP /analyze- /errorReport:prompt LGIDX11.cpp
         LGIDX11.cpp
     1>c:\program files (x86)\microsoft directx sdk (june 2010)\include\dxgitype.h(12): warning C4005: 'DXGI_STATUS_OCCLUDED' : macro redefinition
                 C:\Program Files (x86)\Windows Kits\8.0\Include\shared\winerror.h(49449) : see previous definition of 'DXGI_STATUS_OCCLUDED'
     1>c:\program files (x86)\microsoft directx sdk (june 2010)\include\dxgitype.h(13): warning C4005: 'DXGI_STATUS_CLIPPED' : macro redefinition
                 C:\Program Files (x86)\Windows Kits\8.0\Include\shared\winerror.h(49458) : see previous definition of 'DXGI_STATUS_CLIPPED'
     1>c:\program files (x86)\microsoft directx sdk (june 2010)\include\dxgitype.h(14): warning C4005: 'DXGI_STATUS_NO_REDIRECTION' : macro redefinition
                 C:\Program Files (x86)\Windows Kits\8.0\Include\shared\winerror.h(49467) : see previous definition of 'DXGI_STATUS_NO_REDIRECTION'
     1>c:\program files (x86)\microsoft directx sdk (june 2010)\include\dxgitype.h(15): warning C4005: 'DXGI_STATUS_NO_DESKTOP_ACCESS' : macro redefinition
                 C:\Program Files (x86)\Windows Kits\8.0\Include\shared\winerror.h(49476) : see previous definition of 'DXGI_STATUS_NO_DESKTOP_ACCESS'
     1>c:\program files (x86)\microsoft directx sdk (june 2010)\include\dxgitype.h(16): warning C4005: 'DXGI_STATUS_GRAPHICS_VIDPN_SOURCE_IN_USE' : macro redefinition
                 C:\Program Files (x86)\Windows Kits\8.0\Include\shared\winerror.h(49485) : see previous definition of 'DXGI_STATUS_GRAPHICS_VIDPN_SOURCE_IN_USE'
     1>c:\program files (x86)\microsoft directx sdk (june 2010)\include\dxgitype.h(17): warning C4005: 'DXGI_STATUS_MODE_CHANGED' : macro redefinition
                 C:\Program Files (x86)\Windows Kits\8.0\Include\shared\winerror.h(49494) : see previous definition of 'DXGI_STATUS_MODE_CHANGED'
     1>c:\program files (x86)\microsoft directx sdk (june 2010)\include\dxgitype.h(18): warning C4005: 'DXGI_STATUS_MODE_CHANGE_IN_PROGRESS' : macro redefinition
                 C:\Program Files (x86)\Windows Kits\8.0\Include\shared\winerror.h(49503) : see previous definition of 'DXGI_STATUS_MODE_CHANGE_IN_PROGRESS'
     1>c:\program files (x86)\microsoft directx sdk (june 2010)\include\dxgitype.h(21): warning C4005: 'DXGI_ERROR_INVALID_CALL' : macro redefinition
                 C:\Program Files (x86)\Windows Kits\8.0\Include\shared\winerror.h(49518) : see previous definition of 'DXGI_ERROR_INVALID_CALL'
     1>c:\program files (x86)\microsoft directx sdk (june 2010)\include\dxgitype.h(22): warning C4005: 'DXGI_ERROR_NOT_FOUND' : macro redefinition
                 C:\Program Files (x86)\Windows Kits\8.0\Include\shared\winerror.h(49527) : see previous definition of 'DXGI_ERROR_NOT_FOUND'
     1>c:\program files (x86)\microsoft directx sdk (june 2010)\include\dxgitype.h(23): warning C4005: 'DXGI_ERROR_MORE_DATA' : macro redefinition
                 C:\Program Files (x86)\Windows Kits\8.0\Include\shared\winerror.h(49536) : see previous definition of 'DXGI_ERROR_MORE_DATA'
     1>c:\program files (x86)\microsoft directx sdk (june 2010)\include\dxgitype.h(24): warning C4005: 'DXGI_ERROR_UNSUPPORTED' : macro redefinition
                 C:\Program Files (x86)\Windows Kits\8.0\Include\shared\winerror.h(49545) : see previous definition of 'DXGI_ERROR_UNSUPPORTED'
     1>c:\program files (x86)\microsoft directx sdk (june 2010)\include\dxgitype.h(25): warning C4005: 'DXGI_ERROR_DEVICE_REMOVED' : macro redefinition
                 C:\Program Files (x86)\Windows Kits\8.0\Include\shared\winerror.h(49554) : see previous definition of 'DXGI_ERROR_DEVICE_REMOVED'
     1>c:\program files (x86)\microsoft directx sdk (june 2010)\include\dxgitype.h(26): warning C4005: 'DXGI_ERROR_DEVICE_HUNG' : macro redefinition
                 C:\Program Files (x86)\Windows Kits\8.0\Include\shared\winerror.h(49563) : see previous definition of 'DXGI_ERROR_DEVICE_HUNG'
     1>c:\program files (x86)\microsoft directx sdk (june 2010)\include\dxgitype.h(27): warning C4005: 'DXGI_ERROR_DEVICE_RESET' : macro redefinition
                 C:\Program Files (x86)\Windows Kits\8.0\Include\shared\winerror.h(49573) : see previous definition of 'DXGI_ERROR_DEVICE_RESET'
     1>c:\program files (x86)\microsoft directx sdk (june 2010)\include\dxgitype.h(28): warning C4005: 'DXGI_ERROR_WAS_STILL_DRAWING' : macro redefinition
                 C:\Program Files (x86)\Windows Kits\8.0\Include\shared\winerror.h(49582) : see previous definition of 'DXGI_ERROR_WAS_STILL_DRAWING'
     1>c:\program files (x86)\microsoft directx sdk (june 2010)\include\dxgitype.h(29): warning C4005: 'DXGI_ERROR_FRAME_STATISTICS_DISJOINT' : macro redefinition
                 C:\Program Files (x86)\Windows Kits\8.0\Include\shared\winerror.h(49592) : see previous definition of 'DXGI_ERROR_FRAME_STATISTICS_DISJOINT'
     1>c:\program files (x86)\microsoft directx sdk (june 2010)\include\dxgitype.h(30): warning C4005: 'DXGI_ERROR_GRAPHICS_VIDPN_SOURCE_IN_USE' : macro redefinition
                 C:\Program Files (x86)\Windows Kits\8.0\Include\shared\winerror.h(49601) : see previous definition of 'DXGI_ERROR_GRAPHICS_VIDPN_SOURCE_IN_USE'
     1>c:\program files (x86)\microsoft directx sdk (june 2010)\include\dxgitype.h(31): warning C4005: 'DXGI_ERROR_DRIVER_INTERNAL_ERROR' : macro redefinition
                 C:\Program Files (x86)\Windows Kits\8.0\Include\shared\winerror.h(49611) : see previous definition of 'DXGI_ERROR_DRIVER_INTERNAL_ERROR'
     1>c:\program files (x86)\microsoft directx sdk (june 2010)\include\dxgitype.h(32): warning C4005: 'DXGI_ERROR_NONEXCLUSIVE' : macro redefinition
                 C:\Program Files (x86)\Windows Kits\8.0\Include\shared\winerror.h(49620) : see previous definition of 'DXGI_ERROR_NONEXCLUSIVE'
     1>c:\program files (x86)\microsoft directx sdk (june 2010)\include\dxgitype.h(33): warning C4005: 'DXGI_ERROR_NOT_CURRENTLY_AVAILABLE' : macro redefinition
                 C:\Program Files (x86)\Windows Kits\8.0\Include\shared\winerror.h(49629) : see previous definition of 'DXGI_ERROR_NOT_CURRENTLY_AVAILABLE'
     1>c:\program files (x86)\microsoft directx sdk (june 2010)\include\dxgitype.h(34): warning C4005: 'DXGI_ERROR_REMOTE_CLIENT_DISCONNECTED' : macro redefinition
                 C:\Program Files (x86)\Windows Kits\8.0\Include\shared\winerror.h(49639) : see previous definition of 'DXGI_ERROR_REMOTE_CLIENT_DISCONNECTED'
     1>c:\program files (x86)\microsoft directx sdk (june 2010)\include\dxgitype.h(35): warning C4005: 'DXGI_ERROR_REMOTE_OUTOFMEMORY' : macro redefinition
                 C:\Program Files (x86)\Windows Kits\8.0\Include\shared\winerror.h(49648) : see previous definition of 'DXGI_ERROR_REMOTE_OUTOFMEMORY'
     1>C:\Program Files (x86)\Microsoft DirectX SDK (June 2010)\Include\d3d11.h(917): warning C4005: 'D3D11_ERROR_TOO_MANY_UNIQUE_STATE_OBJECTS' : macro redefinition
                 C:\Program Files (x86)\Windows Kits\8.0\Include\shared\winerror.h(49817) : see previous definition of 'D3D11_ERROR_TOO_MANY_UNIQUE_STATE_OBJECTS'
     1>C:\Program Files (x86)\Microsoft DirectX SDK (June 2010)\Include\d3d11.h(918): warning C4005: 'D3D11_ERROR_FILE_NOT_FOUND' : macro redefinition
                 C:\Program Files (x86)\Windows Kits\8.0\Include\shared\winerror.h(49826) : see previous definition of 'D3D11_ERROR_FILE_NOT_FOUND'
     1>C:\Program Files (x86)\Microsoft DirectX SDK (June 2010)\Include\d3d11.h(919): warning C4005: 'D3D11_ERROR_TOO_MANY_UNIQUE_VIEW_OBJECTS' : macro redefinition
                 C:\Program Files (x86)\Windows Kits\8.0\Include\shared\winerror.h(49836) : see previous definition of 'D3D11_ERROR_TOO_MANY_UNIQUE_VIEW_OBJECTS'
     1>C:\Program Files (x86)\Microsoft DirectX SDK (June 2010)\Include\d3d11.h(920): warning C4005: 'D3D11_ERROR_DEFERRED_CONTEXT_MAP_WITHOUT_INITIAL_DISCARD' : macro redefinition
                 C:\Program Files (x86)\Windows Kits\8.0\Include\shared\winerror.h(49845) : see previous definition of 'D3D11_ERROR_DEFERRED_CONTEXT_MAP_WITHOUT_INITIAL_DISCARD'
     1>c:\program files (x86)\microsoft directx sdk (june 2010)\include\d3d10.h(608): warning C4005: 'D3D10_ERROR_TOO_MANY_UNIQUE_STATE_OBJECTS' : macro redefinition
                 C:\Program Files (x86)\Windows Kits\8.0\Include\shared\winerror.h(49793) : see previous definition of 'D3D10_ERROR_TOO_MANY_UNIQUE_STATE_OBJECTS'
     1>c:\program files (x86)\microsoft directx sdk (june 2010)\include\d3d10.h(609): warning C4005: 'D3D10_ERROR_FILE_NOT_FOUND' : macro redefinition
                 C:\Program Files (x86)\Windows Kits\8.0\Include\shared\winerror.h(49802) : see previous definition of 'D3D10_ERROR_FILE_NOT_FOUND'
       Link:
         C:\Program Files (x86)\Microsoft Visual Studio 11.0\VC\bin\link.exe /ERRORREPORT:PROMPT /OUT:"E:\Code\Simbiotic adAPT\Debug\DeferredRendering.exe" /INCREMENTAL /NOLOGO /LIBPATH:"C:\Program Files (x86)\Microsoft DirectX SDK (June 2010)\Lib\x86" /LIBPATH:"C:\Program Files (x86)\FMOD SoundSystem\FMOD Programmers API Windows\api\lib" /LIBPATH:"C:\Program Files (x86)\Microsoft SDKs\Windows\v7.0A\Lib" /LIBPATH:"C:\Program Files (x86)\Windows Kits\8.0\Lib\win8\um\x86" /LIBPATH:"C:\Program Files\Autodesk\FBX\FBX SDK\2014.2.1\lib\vs2012\x86\release" winmm.lib kernel32.lib user32.lib gdi32.lib winspool.lib comdlg32.lib advapi32.lib shell32.lib ole32.lib oleaut32.lib uuid.lib odbc32.lib odbccp32.lib /MANIFEST /MANIFESTUAC:"level='asInvoker' uiAccess='false'" /manifest:embed /DEBUG /PDB:"E:\Code\Simbiotic adAPT\Debug\DeferredRendering.pdb" /SUBSYSTEM:WINDOWS /TLBID:1 /DYNAMICBASE /NXCOMPAT /IMPLIB:"E:\Code\Simbiotic adAPT\Debug\DeferredRendering.lib" /MACHINE:X86 Debug\DeferredRendering.res
         Debug\Actor.obj
         Debug\adAPT.obj
         Debug\animation.obj
         Debug\animation_action.obj
         Debug\animation_cycle.obj
         Debug\bone.obj
         Debug\buffersource.obj
         Debug\cal3d_wrapper.obj
         Debug\coreanimation.obj
         Debug\corebone.obj
         Debug\corekeyframe.obj
         Debug\corematerial.obj
         Debug\coremesh.obj
         Debug\coremodel.obj
         Debug\coremorphanimation.obj
         Debug\coreskeleton.obj
         Debug\coresubmesh.obj
         Debug\coresubmorphtarget.obj
         Debug\coretrack.obj
         Debug\error.obj
         Debug\global.obj
         Debug\hardwaremodel.obj
         Debug\loader.obj
         Debug\matrix.obj
         Debug\mesh.obj
         Debug\mixer.obj
         Debug\model.obj
         Debug\morphtargetmixer.obj
         Debug\physique.obj
         Debug\platform.obj
         Debug\quaternion.obj
         Debug\renderer.obj
         Debug\saver.obj
         Debug\skeleton.obj
         Debug\springsystem.obj
         Debug\streamsource.obj
         Debug\submesh.obj
         Debug\tinyxml.obj
         Debug\tinyxmlerror.obj
         Debug\tinyxmlparser.obj
         Debug\vector.obj
         Debug\Checkbox.obj
         Debug\Component.obj
         Debug\Frame.obj
         Debug\Game.obj
         Debug\GameConfigInterface.obj
         Debug\GameData.obj
         Debug\GameInitInfo.obj
         Debug\GameLoadoutMenu.obj
         Debug\GameMainMenu.obj
         Debug\GameMode.obj
         Debug\GMDeathmatch.obj
         Debug\GMSectorControl.obj
         Debug\Label.obj
         Debug\LGIDX11.obj
         Debug\Listbox.obj
         Debug\OperatingSystemInterface.obj
         Debug\OSIWin32.obj
         Debug\pseBase.obj
         Debug\pseBlockEditing.obj
         Debug\pseGeneral.obj
         Debug\pseInput.obj
         Debug\pseLA.obj
         Debug\pseLoad.obj
         Debug\psGameClient.obj
         Debug\psHUD.obj
         Debug\psInput.obj
         Debug\psLogic.obj
         Debug\psMath.obj
         Debug\psMechanics.obj
         Debug\psPhysics.obj
         Debug\S2D.obj
         Debug\S3D.obj
         Debug\SAbility.obj
         Debug\SAbility_Blink.obj
         Debug\SAbility_Firebolt.obj
         Debug\SAbility_Wallhack.obj
         Debug\SAnimatedMesh.obj
         Debug\SAUDIO.obj
         Debug\SCamera.obj
         Debug\SCharacter.obj
         Debug\SConfigs.obj
         Debug\SCore.obj
         Debug\SCreateLobbyMenu.obj
         Debug\SD3D.obj
         Debug\SDeferredRenderer.obj
         Debug\SEditorGrid.obj
         Debug\SExplosive.obj
         Debug\SFont.obj
         Debug\SFuncs.obj
         Debug\SGameObject.obj
         Debug\SGameServer.obj
         Debug\SGameServerMode.obj
         Debug\SGameServerModeCTF.obj
         Debug\SGameServerModeDM.obj
         Debug\SGameServerModeSC.obj
         Debug\SGameServerModeTDM.obj
         Debug\SGameServerPlayer.obj
         Debug\SGameServerWorld.obj
         Debug\SGridMesh.obj
         Debug\SGUI.obj
         Debug\SImage.obj
         Debug\SimBioticNetClient.obj
         Debug\Simple.obj
         Debug\SimpleButton.obj
         Debug\SInput.obj
         Debug\SInterface.obj
         Debug\SJoinLobbyMenu.obj
         Debug\SLeaderboard.obj
         Debug\SLevelEditor.obj
         Debug\Slider.obj
         Debug\SLight.obj
         Debug\SLineBoxMesh.obj
         Debug\SLobbyServer.obj
         Debug\SLOG.obj
         Debug\SMainMenu.obj
         Debug\SMainMenuModCharacter.obj
         Debug\SMatchmakingMenu.obj
         Debug\SMaterial.obj
         Debug\SMaterialSet.obj
         Debug\SMesh.obj
         Debug\SMutableMesh.obj
         Debug\SOptionsMenu.obj
         Debug\SParticleSystem.obj
         Debug\SPhysics.obj
         Debug\SPreMenu.obj
         Debug\SProjectile.obj
         Debug\SRender.obj
         Debug\SSetPoint.obj
         Debug\SSGame.obj
         Debug\SSingleMatchMenu.obj
         Debug\SText.obj
         Debug\SWin32.obj
         Debug\SymbioteWinsock.obj
         Debug\TextField.obj
         Debug\VoxelData.obj
         Debug\Weapon.obj
         Debug\WeaponBase.obj
         Debug\World.obj
         ProjectSymbiote1.0g.vcxproj -> E:\Code\Simbiotic adAPT\Debug\DeferredRendering.exe
     1>Done Building Project "E:\Code\Simbiotic adAPT\ProjectSymbiote1.0g.vcxproj" (Build target(s)).

Build succeeded.

Time Elapsed 00:00:02.73
